<?xml version="1.0" ?>
<coverage version="7.12.0" timestamp="1764061216122" lines-valid="625" lines-covered="252" line-rate="0.4032" branches-covered="0" branches-valid="0" branch-rate="0" complexity="0">
	<!-- Generated by coverage.py: https://coverage.readthedocs.io/en/7.12.0 -->
	<!-- Based on https://raw.githubusercontent.com/cobertura/web/master/htdocs/xml/coverage-04.dtd -->
	<sources>
		<source>D:\Projektit\AI-timeplanner\backend</source>
	</sources>
	<packages>
		<package name="." line-rate="0.1863" branch-rate="0" complexity="0">
			<classes>
				<class name="__init__.py" filename="__init__.py" complexity="0" line-rate="1" branch-rate="0">
					<methods/>
					<lines/>
				</class>
				<class name="db.py" filename="db.py" complexity="0" line-rate="0.8077" branch-rate="0">
					<methods/>
					<lines>
						<line number="1" hits="1"/>
						<line number="2" hits="1"/>
						<line number="3" hits="1"/>
						<line number="4" hits="1"/>
						<line number="6" hits="1"/>
						<line number="8" hits="1"/>
						<line number="9" hits="1"/>
						<line number="10" hits="1"/>
						<line number="11" hits="1"/>
						<line number="13" hits="1"/>
						<line number="14" hits="1"/>
						<line number="15" hits="1"/>
						<line number="18" hits="1"/>
						<line number="19" hits="1"/>
						<line number="20" hits="1"/>
						<line number="21" hits="1"/>
						<line number="28" hits="1"/>
						<line number="31" hits="1"/>
						<line number="37" hits="1"/>
						<line number="39" hits="1"/>
						<line number="49" hits="1"/>
						<line number="50" hits="1"/>
						<line number="53" hits="1"/>
						<line number="54" hits="0"/>
						<line number="57" hits="1"/>
						<line number="58" hits="1"/>
						<line number="59" hits="1"/>
						<line number="62" hits="1"/>
						<line number="67" hits="0"/>
						<line number="68" hits="0"/>
						<line number="70" hits="1"/>
						<line number="78" hits="1"/>
						<line number="79" hits="1"/>
						<line number="81" hits="1"/>
						<line number="84" hits="1"/>
						<line number="85" hits="1"/>
						<line number="86" hits="0"/>
						<line number="88" hits="1"/>
						<line number="90" hits="1"/>
						<line number="91" hits="1"/>
						<line number="92" hits="0"/>
						<line number="94" hits="1"/>
						<line number="95" hits="1"/>
						<line number="96" hits="1"/>
						<line number="98" hits="0"/>
						<line number="100" hits="1"/>
						<line number="101" hits="1"/>
						<line number="104" hits="1"/>
						<line number="105" hits="0"/>
						<line number="109" hits="0"/>
						<line number="113" hits="0"/>
						<line number="120" hits="0"/>
					</lines>
				</class>
				<class name="db_events.py" filename="db_events.py" complexity="0" line-rate="0.7778" branch-rate="0">
					<methods/>
					<lines>
						<line number="1" hits="1"/>
						<line number="2" hits="1"/>
						<line number="3" hits="1"/>
						<line number="4" hits="1"/>
						<line number="6" hits="1"/>
						<line number="8" hits="1"/>
						<line number="9" hits="1"/>
						<line number="10" hits="1"/>
						<line number="11" hits="1"/>
						<line number="13" hits="1"/>
						<line number="14" hits="1"/>
						<line number="15" hits="1"/>
						<line number="18" hits="1"/>
						<line number="23" hits="1"/>
						<line number="24" hits="1"/>
						<line number="31" hits="1"/>
						<line number="37" hits="0"/>
						<line number="42" hits="0"/>
						<line number="44" hits="1"/>
						<line number="51" hits="1"/>
						<line number="54" hits="1"/>
						<line number="61" hits="1"/>
						<line number="63" hits="1"/>
						<line number="73" hits="1"/>
						<line number="74" hits="1"/>
						<line number="77" hits="1"/>
						<line number="78" hits="0"/>
						<line number="81" hits="1"/>
						<line number="82" hits="1"/>
						<line number="83" hits="1"/>
						<line number="84" hits="0"/>
						<line number="86" hits="1"/>
						<line number="90" hits="1"/>
						<line number="95" hits="1"/>
						<line number="102" hits="1"/>
						<line number="103" hits="1"/>
						<line number="105" hits="1"/>
						<line number="109" hits="1"/>
						<line number="114" hits="1"/>
						<line number="121" hits="1"/>
						<line number="124" hits="1"/>
						<line number="125" hits="0"/>
						<line number="126" hits="0"/>
						<line number="128" hits="0"/>
						<line number="130" hits="0"/>
						<line number="131" hits="0"/>
						<line number="132" hits="0"/>
						<line number="134" hits="0"/>
						<line number="135" hits="0"/>
						<line number="138" hits="1"/>
						<line number="139" hits="1"/>
						<line number="140" hits="1"/>
						<line number="141" hits="1"/>
						<line number="142" hits="1"/>
					</lines>
				</class>
				<class name="function_app.py" filename="function_app.py" complexity="0" line-rate="0" branch-rate="0">
					<methods/>
					<lines>
						<line number="1" hits="0"/>
						<line number="2" hits="0"/>
						<line number="3" hits="0"/>
						<line number="4" hits="0"/>
						<line number="5" hits="0"/>
						<line number="6" hits="0"/>
						<line number="8" hits="0"/>
						<line number="9" hits="0"/>
						<line number="11" hits="0"/>
						<line number="19" hits="0"/>
						<line number="28" hits="0"/>
						<line number="30" hits="0"/>
						<line number="31" hits="0"/>
						<line number="32" hits="0"/>
						<line number="33" hits="0"/>
						<line number="35" hits="0"/>
						<line number="41" hits="0"/>
						<line number="42" hits="0"/>
						<line number="362" hits="0"/>
						<line number="363" hits="0"/>
						<line number="364" hits="0"/>
						<line number="365" hits="0"/>
						<line number="366" hits="0"/>
						<line number="367" hits="0"/>
						<line number="370" hits="0"/>
						<line number="371" hits="0"/>
						<line number="372" hits="0"/>
						<line number="373" hits="0"/>
						<line number="374" hits="0"/>
						<line number="375" hits="0"/>
						<line number="376" hits="0"/>
						<line number="377" hits="0"/>
						<line number="380" hits="0"/>
						<line number="381" hits="0"/>
						<line number="382" hits="0"/>
						<line number="392" hits="0"/>
						<line number="409" hits="0"/>
						<line number="410" hits="0"/>
						<line number="411" hits="0"/>
						<line number="413" hits="0"/>
						<line number="415" hits="0"/>
						<line number="416" hits="0"/>
						<line number="417" hits="0"/>
						<line number="418" hits="0"/>
						<line number="423" hits="0"/>
						<line number="424" hits="0"/>
						<line number="430" hits="0"/>
						<line number="431" hits="0"/>
						<line number="432" hits="0"/>
						<line number="433" hits="0"/>
						<line number="434" hits="0"/>
						<line number="440" hits="0"/>
						<line number="441" hits="0"/>
						<line number="442" hits="0"/>
						<line number="444" hits="0"/>
						<line number="445" hits="0"/>
						<line number="451" hits="0"/>
						<line number="452" hits="0"/>
						<line number="453" hits="0"/>
						<line number="458" hits="0"/>
						<line number="459" hits="0"/>
						<line number="465" hits="0"/>
						<line number="472" hits="0"/>
						<line number="473" hits="0"/>
						<line number="474" hits="0"/>
						<line number="475" hits="0"/>
						<line number="476" hits="0"/>
						<line number="482" hits="0"/>
						<line number="484" hits="0"/>
						<line number="485" hits="0"/>
						<line number="486" hits="0"/>
						<line number="487" hits="0"/>
						<line number="488" hits="0"/>
						<line number="489" hits="0"/>
						<line number="495" hits="0"/>
						<line number="496" hits="0"/>
						<line number="497" hits="0"/>
						<line number="498" hits="0"/>
						<line number="499" hits="0"/>
						<line number="505" hits="0"/>
						<line number="506" hits="0"/>
						<line number="507" hits="0"/>
						<line number="508" hits="0"/>
						<line number="509" hits="0"/>
						<line number="510" hits="0"/>
						<line number="511" hits="0"/>
						<line number="512" hits="0"/>
						<line number="513" hits="0"/>
						<line number="515" hits="0"/>
						<line number="516" hits="0"/>
						<line number="517" hits="0"/>
						<line number="522" hits="0"/>
						<line number="523" hits="0"/>
						<line number="529" hits="0"/>
						<line number="536" hits="0"/>
						<line number="537" hits="0"/>
						<line number="538" hits="0"/>
						<line number="539" hits="0"/>
						<line number="540" hits="0"/>
						<line number="541" hits="0"/>
						<line number="547" hits="0"/>
						<line number="549" hits="0"/>
						<line number="550" hits="0"/>
						<line number="556" hits="0"/>
						<line number="558" hits="0"/>
						<line number="559" hits="0"/>
						<line number="588" hits="0"/>
						<line number="593" hits="0"/>
						<line number="594" hits="0"/>
						<line number="603" hits="0"/>
						<line number="605" hits="0"/>
						<line number="606" hits="0"/>
						<line number="607" hits="0"/>
						<line number="620" hits="0"/>
						<line number="621" hits="0"/>
						<line number="622" hits="0"/>
						<line number="624" hits="0"/>
						<line number="625" hits="0"/>
						<line number="626" hits="0"/>
						<line number="627" hits="0"/>
						<line number="629" hits="0"/>
						<line number="630" hits="0"/>
						<line number="631" hits="0"/>
						<line number="632" hits="0"/>
						<line number="634" hits="0"/>
						<line number="641" hits="0"/>
						<line number="649" hits="0"/>
						<line number="651" hits="0"/>
						<line number="652" hits="0"/>
						<line number="653" hits="0"/>
						<line number="654" hits="0"/>
						<line number="655" hits="0"/>
						<line number="657" hits="0"/>
						<line number="665" hits="0"/>
						<line number="673" hits="0"/>
						<line number="675" hits="0"/>
						<line number="676" hits="0"/>
						<line number="677" hits="0"/>
						<line number="679" hits="0"/>
						<line number="680" hits="0"/>
						<line number="682" hits="0"/>
						<line number="684" hits="0"/>
						<line number="685" hits="0"/>
						<line number="686" hits="0"/>
						<line number="687" hits="0"/>
						<line number="701" hits="0"/>
						<line number="703" hits="0"/>
						<line number="705" hits="0"/>
						<line number="707" hits="0"/>
						<line number="730" hits="0"/>
						<line number="732" hits="0"/>
						<line number="733" hits="0"/>
						<line number="734" hits="0"/>
						<line number="736" hits="0"/>
						<line number="760" hits="0"/>
						<line number="762" hits="0"/>
						<line number="763" hits="0"/>
						<line number="764" hits="0"/>
						<line number="766" hits="0"/>
						<line number="767" hits="0"/>
						<line number="769" hits="0"/>
						<line number="771" hits="0"/>
						<line number="772" hits="0"/>
						<line number="773" hits="0"/>
						<line number="774" hits="0"/>
						<line number="788" hits="0"/>
						<line number="790" hits="0"/>
						<line number="791" hits="0"/>
						<line number="793" hits="0"/>
						<line number="817" hits="0"/>
						<line number="819" hits="0"/>
						<line number="821" hits="0"/>
						<line number="845" hits="0"/>
						<line number="847" hits="0"/>
						<line number="848" hits="0"/>
						<line number="849" hits="0"/>
						<line number="850" hits="0"/>
						<line number="852" hits="0"/>
						<line number="853" hits="0"/>
						<line number="855" hits="0"/>
						<line number="861" hits="0"/>
						<line number="887" hits="0"/>
						<line number="889" hits="0"/>
						<line number="890" hits="0"/>
						<line number="891" hits="0"/>
						<line number="893" hits="0"/>
						<line number="894" hits="0"/>
						<line number="895" hits="0"/>
						<line number="896" hits="0"/>
						<line number="910" hits="0"/>
						<line number="911" hits="0"/>
						<line number="912" hits="0"/>
						<line number="913" hits="0"/>
						<line number="915" hits="0"/>
						<line number="916" hits="0"/>
						<line number="917" hits="0"/>
						<line number="918" hits="0"/>
						<line number="919" hits="0"/>
						<line number="920" hits="0"/>
						<line number="921" hits="0"/>
						<line number="922" hits="0"/>
						<line number="923" hits="0"/>
						<line number="924" hits="0"/>
						<line number="926" hits="0"/>
						<line number="927" hits="0"/>
						<line number="929" hits="0"/>
						<line number="935" hits="0"/>
						<line number="949" hits="0"/>
						<line number="951" hits="0"/>
						<line number="952" hits="0"/>
						<line number="953" hits="0"/>
						<line number="955" hits="0"/>
						<line number="956" hits="0"/>
						<line number="957" hits="0"/>
						<line number="958" hits="0"/>
						<line number="972" hits="0"/>
						<line number="973" hits="0"/>
						<line number="974" hits="0"/>
						<line number="975" hits="0"/>
						<line number="977" hits="0"/>
						<line number="978" hits="0"/>
						<line number="979" hits="0"/>
						<line number="980" hits="0"/>
						<line number="982" hits="0"/>
						<line number="983" hits="0"/>
						<line number="985" hits="0"/>
						<line number="991" hits="0"/>
						<line number="1005" hits="0"/>
						<line number="1007" hits="0"/>
						<line number="1008" hits="0"/>
						<line number="1009" hits="0"/>
						<line number="1010" hits="0"/>
						<line number="1011" hits="0"/>
						<line number="1012" hits="0"/>
						<line number="1013" hits="0"/>
						<line number="1015" hits="0"/>
						<line number="1016" hits="0"/>
						<line number="1017" hits="0"/>
						<line number="1018" hits="0"/>
						<line number="1019" hits="0"/>
						<line number="1020" hits="0"/>
						<line number="1021" hits="0"/>
						<line number="1023" hits="0"/>
						<line number="1024" hits="0"/>
						<line number="1025" hits="0"/>
						<line number="1026" hits="0"/>
						<line number="1027" hits="0"/>
						<line number="1029" hits="0"/>
						<line number="1031" hits="0"/>
						<line number="1032" hits="0"/>
						<line number="1034" hits="0"/>
						<line number="1064" hits="0"/>
						<line number="1066" hits="0"/>
						<line number="1067" hits="0"/>
						<line number="1068" hits="0"/>
						<line number="1069" hits="0"/>
						<line number="1070" hits="0"/>
						<line number="1071" hits="0"/>
						<line number="1073" hits="0"/>
						<line number="1074" hits="0"/>
						<line number="1075" hits="0"/>
						<line number="1077" hits="0"/>
						<line number="1078" hits="0"/>
						<line number="1080" hits="0"/>
						<line number="1081" hits="0"/>
						<line number="1082" hits="0"/>
						<line number="1084" hits="0"/>
						<line number="1085" hits="0"/>
						<line number="1087" hits="0"/>
						<line number="1088" hits="0"/>
						<line number="1089" hits="0"/>
						<line number="1090" hits="0"/>
						<line number="1092" hits="0"/>
						<line number="1094" hits="0"/>
						<line number="1095" hits="0"/>
						<line number="1097" hits="0"/>
						<line number="1124" hits="0"/>
						<line number="1127" hits="0"/>
						<line number="1143" hits="0"/>
						<line number="1150" hits="0"/>
						<line number="1157" hits="0"/>
						<line number="1159" hits="0"/>
						<line number="1172" hits="0"/>
						<line number="1173" hits="0"/>
						<line number="1180" hits="0"/>
						<line number="1181" hits="0"/>
						<line number="1182" hits="0"/>
						<line number="1183" hits="0"/>
						<line number="1185" hits="0"/>
						<line number="1186" hits="0"/>
						<line number="1187" hits="0"/>
						<line number="1189" hits="0"/>
						<line number="1190" hits="0"/>
						<line number="1191" hits="0"/>
						<line number="1196" hits="0"/>
						<line number="1197" hits="0"/>
						<line number="1203" hits="0"/>
						<line number="1204" hits="0"/>
						<line number="1205" hits="0"/>
						<line number="1206" hits="0"/>
						<line number="1207" hits="0"/>
						<line number="1213" hits="0"/>
						<line number="1214" hits="0"/>
						<line number="1215" hits="0"/>
						<line number="1216" hits="0"/>
						<line number="1218" hits="0"/>
						<line number="1219" hits="0"/>
						<line number="1225" hits="0"/>
						<line number="1226" hits="0"/>
						<line number="1233" hits="0"/>
						<line number="1238" hits="0"/>
						<line number="1239" hits="0"/>
						<line number="1245" hits="0"/>
						<line number="1252" hits="0"/>
						<line number="1253" hits="0"/>
						<line number="1254" hits="0"/>
						<line number="1255" hits="0"/>
						<line number="1256" hits="0"/>
						<line number="1262" hits="0"/>
						<line number="1264" hits="0"/>
						<line number="1265" hits="0"/>
						<line number="1266" hits="0"/>
						<line number="1267" hits="0"/>
						<line number="1268" hits="0"/>
						<line number="1269" hits="0"/>
						<line number="1275" hits="0"/>
						<line number="1276" hits="0"/>
						<line number="1277" hits="0"/>
						<line number="1278" hits="0"/>
						<line number="1279" hits="0"/>
						<line number="1285" hits="0"/>
						<line number="1286" hits="0"/>
						<line number="1287" hits="0"/>
						<line number="1288" hits="0"/>
						<line number="1289" hits="0"/>
						<line number="1290" hits="0"/>
						<line number="1291" hits="0"/>
						<line number="1292" hits="0"/>
						<line number="1293" hits="0"/>
						<line number="1295" hits="0"/>
						<line number="1296" hits="0"/>
						<line number="1297" hits="0"/>
						<line number="1302" hits="0"/>
						<line number="1303" hits="0"/>
						<line number="1309" hits="0"/>
					</lines>
				</class>
			</classes>
		</package>
		<package name="tests" line-rate="0.9655" branch-rate="0" complexity="0">
			<classes>
				<class name="test_db.py" filename="tests/test_db.py" complexity="0" line-rate="0.9639" branch-rate="0">
					<methods/>
					<lines>
						<line number="1" hits="1"/>
						<line number="2" hits="1"/>
						<line number="4" hits="1"/>
						<line number="5" hits="1"/>
						<line number="8" hits="1"/>
						<line number="11" hits="1"/>
						<line number="12" hits="1"/>
						<line number="14" hits="1"/>
						<line number="15" hits="1"/>
						<line number="17" hits="1"/>
						<line number="18" hits="1"/>
						<line number="19" hits="1"/>
						<line number="20" hits="1"/>
						<line number="21" hits="1"/>
						<line number="23" hits="1"/>
						<line number="24" hits="1"/>
						<line number="25" hits="1"/>
						<line number="26" hits="1"/>
						<line number="27" hits="1"/>
						<line number="28" hits="1"/>
						<line number="29" hits="1"/>
						<line number="30" hits="0"/>
						<line number="31" hits="0"/>
						<line number="32" hits="0"/>
						<line number="33" hits="1"/>
						<line number="35" hits="1"/>
						<line number="36" hits="1"/>
						<line number="37" hits="1"/>
						<line number="39" hits="1"/>
						<line number="40" hits="1"/>
						<line number="42" hits="1"/>
						<line number="43" hits="1"/>
						<line number="45" hits="1"/>
						<line number="46" hits="1"/>
						<line number="49" hits="1"/>
						<line number="52" hits="1"/>
						<line number="53" hits="1"/>
						<line number="55" hits="1"/>
						<line number="56" hits="1"/>
						<line number="58" hits="1"/>
						<line number="59" hits="1"/>
						<line number="62" hits="1"/>
						<line number="64" hits="1"/>
						<line number="65" hits="1"/>
						<line number="66" hits="1"/>
						<line number="67" hits="1"/>
						<line number="69" hits="1"/>
						<line number="72" hits="1"/>
						<line number="73" hits="1"/>
						<line number="74" hits="1"/>
						<line number="75" hits="1"/>
						<line number="76" hits="1"/>
						<line number="79" hits="1"/>
						<line number="80" hits="1"/>
						<line number="87" hits="1"/>
						<line number="88" hits="1"/>
						<line number="89" hits="1"/>
						<line number="90" hits="1"/>
						<line number="91" hits="1"/>
						<line number="92" hits="1"/>
						<line number="95" hits="1"/>
						<line number="96" hits="1"/>
						<line number="103" hits="1"/>
						<line number="105" hits="1"/>
						<line number="106" hits="1"/>
						<line number="108" hits="1"/>
						<line number="110" hits="1"/>
						<line number="117" hits="1"/>
						<line number="123" hits="1"/>
						<line number="130" hits="1"/>
						<line number="131" hits="1"/>
						<line number="132" hits="1"/>
						<line number="133" hits="1"/>
						<line number="134" hits="1"/>
						<line number="136" hits="1"/>
						<line number="137" hits="1"/>
						<line number="138" hits="1"/>
						<line number="139" hits="1"/>
						<line number="141" hits="1"/>
						<line number="142" hits="1"/>
						<line number="143" hits="1"/>
						<line number="145" hits="1"/>
						<line number="146" hits="1"/>
					</lines>
				</class>
				<class name="test_db_events.py" filename="tests/test_db_events.py" complexity="0" line-rate="0.967" branch-rate="0">
					<methods/>
					<lines>
						<line number="1" hits="1"/>
						<line number="2" hits="1"/>
						<line number="4" hits="1"/>
						<line number="5" hits="1"/>
						<line number="8" hits="1"/>
						<line number="11" hits="1"/>
						<line number="12" hits="1"/>
						<line number="14" hits="1"/>
						<line number="15" hits="1"/>
						<line number="17" hits="1"/>
						<line number="18" hits="1"/>
						<line number="19" hits="1"/>
						<line number="20" hits="1"/>
						<line number="21" hits="1"/>
						<line number="23" hits="1"/>
						<line number="24" hits="1"/>
						<line number="25" hits="1"/>
						<line number="26" hits="1"/>
						<line number="27" hits="1"/>
						<line number="28" hits="1"/>
						<line number="29" hits="1"/>
						<line number="30" hits="1"/>
						<line number="31" hits="1"/>
						<line number="32" hits="1"/>
						<line number="33" hits="1"/>
						<line number="34" hits="1"/>
						<line number="35" hits="0"/>
						<line number="37" hits="1"/>
						<line number="38" hits="1"/>
						<line number="39" hits="1"/>
						<line number="41" hits="1"/>
						<line number="42" hits="1"/>
						<line number="43" hits="1"/>
						<line number="45" hits="1"/>
						<line number="46" hits="0"/>
						<line number="48" hits="1"/>
						<line number="49" hits="0"/>
						<line number="51" hits="1"/>
						<line number="52" hits="1"/>
						<line number="55" hits="1"/>
						<line number="58" hits="1"/>
						<line number="59" hits="1"/>
						<line number="61" hits="1"/>
						<line number="62" hits="1"/>
						<line number="64" hits="1"/>
						<line number="65" hits="1"/>
						<line number="68" hits="1"/>
						<line number="69" hits="1"/>
						<line number="70" hits="1"/>
						<line number="71" hits="1"/>
						<line number="73" hits="1"/>
						<line number="75" hits="1"/>
						<line number="78" hits="1"/>
						<line number="79" hits="1"/>
						<line number="80" hits="1"/>
						<line number="81" hits="1"/>
						<line number="82" hits="1"/>
						<line number="85" hits="1"/>
						<line number="86" hits="1"/>
						<line number="94" hits="1"/>
						<line number="95" hits="1"/>
						<line number="96" hits="1"/>
						<line number="97" hits="1"/>
						<line number="98" hits="1"/>
						<line number="99" hits="1"/>
						<line number="100" hits="1"/>
						<line number="103" hits="1"/>
						<line number="104" hits="1"/>
						<line number="112" hits="1"/>
						<line number="120" hits="1"/>
						<line number="128" hits="1"/>
						<line number="137" hits="1"/>
						<line number="143" hits="1"/>
						<line number="146" hits="1"/>
						<line number="147" hits="1"/>
						<line number="155" hits="1"/>
						<line number="163" hits="1"/>
						<line number="164" hits="1"/>
						<line number="166" hits="1"/>
						<line number="172" hits="1"/>
						<line number="173" hits="1"/>
						<line number="174" hits="1"/>
						<line number="177" hits="1"/>
						<line number="178" hits="1"/>
						<line number="186" hits="1"/>
						<line number="194" hits="1"/>
						<line number="195" hits="1"/>
						<line number="197" hits="1"/>
						<line number="198" hits="1"/>
						<line number="200" hits="1"/>
						<line number="201" hits="1"/>
					</lines>
				</class>
			</classes>
		</package>
	</packages>
</coverage>
